<?xml version="1.0" encoding="UTF-8"?>
<!-- Generated by org.testng.reporters.JUnitReportReporter -->
<testsuite hostname="DESKTOP-LAMPVML" failures="0" tests="5" name="AirportTest" time="0.011" errors="0" timestamp="2024-04-26T21:39:42 MSK" skipped="0">
  <testcase classname="AirportTest" name="test3" time="0.009"/>
  <testcase classname="AirportTest" name="testGetPassengerPlaneWithMaxCapacity" time="0.001"/>
  <testcase classname="AirportTest" name="testHasAtLeastOneBomberInMilitaryPlanes" time="0.001"/>
  <testcase classname="AirportTest" name="testGetTransportMilitaryPlanes" time="0.000"/>
  <testcase classname="AirportTest" name="testExperimentalPlanesHasClassificationLevelHigherThanUnclassified" time="0.000"/>
</testsuite> <!-- AirportTest -->
