<?xml version="1.0" encoding="UTF-8"?>
<!-- Generated by org.testng.reporters.JUnitReportReporter -->
<testsuite hostname="DESKTOP-LAMPVML" failures="0" tests="5" name="AirportTest" time="0.013" errors="0" timestamp="2024-04-27T08:49:39 MSK" skipped="0">
  <testcase classname="AirportTest" name="test3" time="0.010"/>
  <testcase classname="AirportTest" name="testGetPassengerPlaneWithMaxCapacity" time="0.002"/>
  <testcase classname="AirportTest" name="testHasAtLeastOneBomberInMilitaryPlanes" time="0.000"/>
  <testcase classname="AirportTest" name="testGetTransportMilitaryPlanes" time="0.000"/>
  <testcase classname="AirportTest" name="testExperimentalPlanesHasClassificationLevelHigherThanUnclassified" time="0.001"/>
</testsuite> <!-- AirportTest -->
